<?xml version="1.0" encoding="UTF-8"?>
<!-- Generated by org.testng.reporters.JUnitReportReporter -->
<testsuite hostname="IN-GB78473" failures="0" tests="1" name="loginTC.Login_TC" time="30.899" errors="0" timestamp="2022-02-21T23:17:45 IST" skipped="0">
  <testcase classname="loginTC.Login_TC" name="login" time="30.899"/>
</testsuite> <!-- loginTC.Login_TC -->
